[10-Jun-2026 07:07:05 Europe/Berlin] PHP Fatal error:  Uncaught PDOException: SQLSTATE[42S22]: Column not found: 1054 Unknown column 'u.nombres' in 'field list' in C:\xampp\htdocs\ProviServers\app\models\valoracion.php:120
Stack trace:
#0 C:\xampp\htdocs\ProviServers\app\models\valoracion.php(120): PDO->query('\r\n            S...')
#1 C:\xampp\htdocs\ProviServers\app\views\dashboard\admin\reportes-calificaciones.php(6): Valoracion->obtenerReporteCalificaciones()
#2 C:\xampp\htdocs\ProviServers\index.php(236): require('C:\\xampp\\htdocs...')
#3 {main}
  thrown in C:\xampp\htdocs\ProviServers\app\models\valoracion.php on line 120
[10-Jun-2026 07:07:08 Europe/Berlin] PHP Fatal error:  Uncaught PDOException: SQLSTATE[42S22]: Column not found: 1054 Unknown column 'u.nombres' in 'field list' in C:\xampp\htdocs\ProviServers\app\models\valoracion.php:120
Stack trace:
#0 C:\xampp\htdocs\ProviServers\app\models\valoracion.php(120): PDO->query('\r\n            S...')
#1 C:\xampp\htdocs\ProviServers\app\views\dashboard\admin\reportes-calificaciones.php(6): Valoracion->obtenerReporteCalificaciones()
#2 C:\xampp\htdocs\ProviServers\index.php(236): require('C:\\xampp\\htdocs...')
#3 {main}
  thrown in C:\xampp\htdocs\ProviServers\app\models\valoracion.php on line 120
[10-Jun-2026 07:07:09 Europe/Berlin] PHP Fatal error:  Uncaught PDOException: SQLSTATE[42S22]: Column not found: 1054 Unknown column 'u.nombres' in 'field list' in C:\xampp\htdocs\ProviServers\app\models\valoracion.php:120
Stack trace:
#0 C:\xampp\htdocs\ProviServers\app\models\valoracion.php(120): PDO->query('\r\n            S...')
#1 C:\xampp\htdocs\ProviServers\app\views\dashboard\admin\reportes-calificaciones.php(6): Valoracion->obtenerReporteCalificaciones()
#2 C:\xampp\htdocs\ProviServers\index.php(236): require('C:\\xampp\\htdocs...')
#3 {main}
  thrown in C:\xampp\htdocs\ProviServers\app\models\valoracion.php on line 120
[10-Jun-2026 07:07:09 Europe/Berlin] PHP Fatal error:  Uncaught PDOException: SQLSTATE[42S22]: Column not found: 1054 Unknown column 'u.nombres' in 'field list' in C:\xampp\htdocs\ProviServers\app\models\valoracion.php:120
Stack trace:
#0 C:\xampp\htdocs\ProviServers\app\models\valoracion.php(120): PDO->query('\r\n            S...')
#1 C:\xampp\htdocs\ProviServers\app\views\dashboard\admin\reportes-calificaciones.php(6): Valoracion->obtenerReporteCalificaciones()
#2 C:\xampp\htdocs\ProviServers\index.php(236): require('C:\\xampp\\htdocs...')
#3 {main}
  thrown in C:\xampp\htdocs\ProviServers\app\models\valoracion.php on line 120
[10-Jun-2026 07:10:33 Europe/Berlin] PHP Warning:  require(C:\xampp\htdocs\ProviServers/app/views/pdf/calificaciones-pdf.php): Failed to open stream: No such file or directory in C:\xampp\htdocs\ProviServers\app\controllers\admin-controller.php on line 923
[10-Jun-2026 07:10:33 Europe/Berlin] PHP Fatal error:  Uncaught Error: Failed opening required 'C:\xampp\htdocs\ProviServers/app/views/pdf/calificaciones-pdf.php' (include_path='C:\xampp\php\PEAR') in C:\xampp\htdocs\ProviServers\app\controllers\admin-controller.php:923
Stack trace:
#0 C:\xampp\htdocs\ProviServers\app\controllers\admin-controller.php(860): reporteCalificacionesPDF()
#1 C:\xampp\htdocs\ProviServers\index.php(241): reportesPdfController()
#2 {main}
  thrown in C:\xampp\htdocs\ProviServers\app\controllers\admin-controller.php on line 923
[10-Jun-2026 07:10:39 Europe/Berlin] PHP Warning:  require(C:\xampp\htdocs\ProviServers/app/views/pdf/calificaciones-pdf.php): Failed to open stream: No such file or directory in C:\xampp\htdocs\ProviServers\app\controllers\admin-controller.php on line 923
[10-Jun-2026 07:10:39 Europe/Berlin] PHP Fatal error:  Uncaught Error: Failed opening required 'C:\xampp\htdocs\ProviServers/app/views/pdf/calificaciones-pdf.php' (include_path='C:\xampp\php\PEAR') in C:\xampp\htdocs\ProviServers\app\controllers\admin-controller.php:923
Stack trace:
#0 C:\xampp\htdocs\ProviServers\app\controllers\admin-controller.php(860): reporteCalificacionesPDF()
#1 C:\xampp\htdocs\ProviServers\index.php(241): reportesPdfController()
#2 {main}
  thrown in C:\xampp\htdocs\ProviServers\app\controllers\admin-controller.php on line 923
[10-Jun-2026 07:10:41 Europe/Berlin] PHP Warning:  require(C:\xampp\htdocs\ProviServers/app/views/pdf/calificaciones-pdf.php): Failed to open stream: No such file or directory in C:\xampp\htdocs\ProviServers\app\controllers\admin-controller.php on line 923
[10-Jun-2026 07:10:41 Europe/Berlin] PHP Fatal error:  Uncaught Error: Failed opening required 'C:\xampp\htdocs\ProviServers/app/views/pdf/calificaciones-pdf.php' (include_path='C:\xampp\php\PEAR') in C:\xampp\htdocs\ProviServers\app\controllers\admin-controller.php:923
Stack trace:
#0 C:\xampp\htdocs\ProviServers\app\controllers\admin-controller.php(860): reporteCalificacionesPDF()
#1 C:\xampp\htdocs\ProviServers\index.php(241): reportesPdfController()
#2 {main}
  thrown in C:\xampp\htdocs\ProviServers\app\controllers\admin-controller.php on line 923
[10-Jun-2026 07:10:42 Europe/Berlin] PHP Warning:  require(C:\xampp\htdocs\ProviServers/app/views/pdf/calificaciones-pdf.php): Failed to open stream: No such file or directory in C:\xampp\htdocs\ProviServers\app\controllers\admin-controller.php on line 923
[10-Jun-2026 07:10:42 Europe/Berlin] PHP Fatal error:  Uncaught Error: Failed opening required 'C:\xampp\htdocs\ProviServers/app/views/pdf/calificaciones-pdf.php' (include_path='C:\xampp\php\PEAR') in C:\xampp\htdocs\ProviServers\app\controllers\admin-controller.php:923
Stack trace:
#0 C:\xampp\htdocs\ProviServers\app\controllers\admin-controller.php(860): reporteCalificacionesPDF()
#1 C:\xampp\htdocs\ProviServers\index.php(241): reportesPdfController()
#2 {main}
  thrown in C:\xampp\htdocs\ProviServers\app\controllers\admin-controller.php on line 923
[10-Jun-2026 20:44:01 Europe/Berlin] PHP Warning:  require(C:\xampp\htdocs\ProviServers/app/views/dashboard/admin/facturacion.php): Failed to open stream: No such file or directory in C:\xampp\htdocs\ProviServers\index.php on line 119
[10-Jun-2026 20:44:01 Europe/Berlin] PHP Fatal error:  Uncaught Error: Failed opening required 'C:\xampp\htdocs\ProviServers/app/views/dashboard/admin/facturacion.php' (include_path='C:\xampp\php\PEAR') in C:\xampp\htdocs\ProviServers\index.php:119
Stack trace:
#0 {main}
  thrown in C:\xampp\htdocs\ProviServers\index.php on line 119
